<?xml version="1.0" encoding="UTF-8"?>
<testsuite name="com.example.bankingapp.viewmodel.teller.TellerTransferViewModelTest" tests="4" skipped="0" failures="0" errors="0" timestamp="2026-05-20T07:48:54.741Z" hostname="VSC" time="0.644">
  <properties/>
  <testcase name="srcInOtherBranch_returnsF8" classname="com.example.bankingapp.viewmodel.teller.TellerTransferViewModelTest" time="0.59"/>
  <testcase name="sameAccount_returnsF6" classname="com.example.bankingapp.viewmodel.teller.TellerTransferViewModelTest" time="0.009"/>
  <testcase name="insufficient_returnsF7" classname="com.example.bankingapp.viewmodel.teller.TellerTransferViewModelTest" time="0.01"/>
  <testcase name="success_moves_andRecords" classname="com.example.bankingapp.viewmodel.teller.TellerTransferViewModelTest" time="0.029"/>
  <system-out><![CDATA[]]></system-out>
  <system-err><![CDATA[WARNING: A Java agent has been loaded dynamically (C:\Users\XPS\.gradle\caches\modules-2\files-2.1\net.bytebuddy\byte-buddy-agent\1.14.9\dfb8707031008535048bad2b69735f46d0b6c5e5\byte-buddy-agent-1.14.9.jar)
WARNING: If a serviceability tool is in use, please run with -XX:+EnableDynamicAgentLoading to hide this warning
WARNING: If a serviceability tool is not in use, please run with -Djdk.instrument.traceUsage for more information
WARNING: Dynamic loading of agents will be disallowed by default in a future release
]]></system-err>
</testsuite>
