<?xml version="1.0" encoding="UTF-8"?>
<testsuite name="com.example.bankingapp.utils.TempPasswordGeneratorTest" tests="4" skipped="0" failures="0" errors="0" timestamp="2026-05-20T07:48:55.477Z" hostname="VSC" time="0.007">
  <properties/>
  <testcase name="generate_distinctAcrossSeeds" classname="com.example.bankingapp.utils.TempPasswordGeneratorTest" time="0.004"/>
  <testcase name="generate_containsRequiredClasses" classname="com.example.bankingapp.utils.TempPasswordGeneratorTest" time="0.001"/>
  <testcase name="generate_deterministicWithSameSeed" classname="com.example.bankingapp.utils.TempPasswordGeneratorTest" time="0.001"/>
  <testcase name="generate_isTenCharacters" classname="com.example.bankingapp.utils.TempPasswordGeneratorTest" time="0.001"/>
  <system-out><![CDATA[]]></system-out>
  <system-err><![CDATA[]]></system-err>
</testsuite>
