<?xml version="1.0" encoding="UTF-8"?>
<testsuite name="com.example.bankingapp.viewmodel.teller.DeleteAccountViewModelTest" tests="3" skipped="0" failures="0" errors="0" timestamp="2026-05-20T07:48:55.930Z" hostname="VSC" time="0.017">
  <properties/>
  <testcase name="balanceNonZero_F36" classname="com.example.bankingapp.viewmodel.teller.DeleteAccountViewModelTest" time="0.007"/>
  <testcase name="wrongBranch_F37" classname="com.example.bankingapp.viewmodel.teller.DeleteAccountViewModelTest" time="0.003"/>
  <testcase name="zeroBalanceSameBranch_closes" classname="com.example.bankingapp.viewmodel.teller.DeleteAccountViewModelTest" time="0.005"/>
  <system-out><![CDATA[]]></system-out>
  <system-err><![CDATA[]]></system-err>
</testsuite>
