<?xml version="1.0" encoding="UTF-8"?>
<testsuite name="com.example.bankingapp.viewmodel.ChangePasswordViewModelTest" tests="5" skipped="0" failures="0" errors="0" timestamp="2026-05-20T07:48:55.520Z" hostname="VSC" time="0.024">
  <properties/>
  <testcase name="newPasswordTooShort_T108" classname="com.example.bankingapp.viewmodel.ChangePasswordViewModelTest" time="0.003"/>
  <testcase name="oldEmpty_T104" classname="com.example.bankingapp.viewmodel.ChangePasswordViewModelTest" time="0.002"/>
  <testcase name="wrongOldPassword_F39" classname="com.example.bankingapp.viewmodel.ChangePasswordViewModelTest" time="0.01"/>
  <testcase name="confirmMismatch_T110" classname="com.example.bankingapp.viewmodel.ChangePasswordViewModelTest" time="0.002"/>
  <testcase name="success_updatesHash" classname="com.example.bankingapp.viewmodel.ChangePasswordViewModelTest" time="0.005"/>
  <system-out><![CDATA[]]></system-out>
  <system-err><![CDATA[]]></system-err>
</testsuite>
