<?xml version="1.0" encoding="UTF-8"?>
<testsuite name="com.example.bankingapp.utils.OtpGeneratorTest" tests="3" skipped="0" failures="0" errors="0" timestamp="2026-05-19T10:03:00" hostname="VSC" time="0.006">
  <properties/>
  <testcase name="otp_distinctOnDifferentSeeds" classname="com.example.bankingapp.utils.OtpGeneratorTest" time="0.004"/>
  <testcase name="otp_isSixDigits" classname="com.example.bankingapp.utils.OtpGeneratorTest" time="0.001"/>
  <testcase name="otp_isDeterministicWithSeed" classname="com.example.bankingapp.utils.OtpGeneratorTest" time="0.001"/>
  <system-out><![CDATA[]]></system-out>
  <system-err><![CDATA[]]></system-err>
</testsuite>
