<?xml version="1.0" encoding="UTF-8"?>
<testsuite name="com.example.bankingapp.utils.BusinessRulesTellerTest" tests="6" skipped="0" failures="0" errors="0" timestamp="2026-05-20T07:48:55.397Z" hostname="VSC" time="0.004">
  <properties/>
  <testcase name="tellerBranchMissing_returnsTellerBranchMissing" classname="com.example.bankingapp.utils.BusinessRulesTellerTest" time="0.001"/>
  <testcase name="accountAccess_differentBranch_notAllowed" classname="com.example.bankingapp.utils.BusinessRulesTellerTest" time="0.0"/>
  <testcase name="accountAccess_sameBranch_allowed" classname="com.example.bankingapp.utils.BusinessRulesTellerTest" time="0.001"/>
  <testcase name="differentBranches_returnsNotSameBranch" classname="com.example.bankingapp.utils.BusinessRulesTellerTest" time="0.0"/>
  <testcase name="sameBranch_returnsAllowed" classname="com.example.bankingapp.utils.BusinessRulesTellerTest" time="0.001"/>
  <testcase name="targetBranchMissing_returnsTargetBranchMissing" classname="com.example.bankingapp.utils.BusinessRulesTellerTest" time="0.0"/>
  <system-out><![CDATA[]]></system-out>
  <system-err><![CDATA[]]></system-err>
</testsuite>
