<?xml version="1.0" encoding="UTF-8"?>
<testsuite name="com.example.bankingapp.utils.CurrencyFormatterTest" tests="3" skipped="0" failures="0" errors="0" timestamp="2026-05-20T07:48:55.441Z" hostname="VSC" time="0.004">
  <properties/>
  <testcase name="millions" classname="com.example.bankingapp.utils.CurrencyFormatterTest" time="0.002"/>
  <testcase name="zero" classname="com.example.bankingapp.utils.CurrencyFormatterTest" time="0.0"/>
  <testcase name="thousands" classname="com.example.bankingapp.utils.CurrencyFormatterTest" time="0.001"/>
  <system-out><![CDATA[]]></system-out>
  <system-err><![CDATA[]]></system-err>
</testsuite>
