<?xml version="1.0" encoding="UTF-8"?>
<testsuite name="com.example.bankingapp.viewmodel.ChangePasswordViewModelTest" tests="5" skipped="0" failures="0" errors="0" timestamp="2026-05-19T10:03:02" hostname="VSC" time="0.329">
  <properties/>
  <testcase name="newPasswordTooShort_T108" classname="com.example.bankingapp.viewmodel.ChangePasswordViewModelTest" time="0.255"/>
  <testcase name="oldEmpty_T104" classname="com.example.bankingapp.viewmodel.ChangePasswordViewModelTest" time="0.001"/>
  <testcase name="wrongOldPassword_F39" classname="com.example.bankingapp.viewmodel.ChangePasswordViewModelTest" time="0.064"/>
  <testcase name="confirmMismatch_T110" classname="com.example.bankingapp.viewmodel.ChangePasswordViewModelTest" time="0.001"/>
  <testcase name="success_updatesHash" classname="com.example.bankingapp.viewmodel.ChangePasswordViewModelTest" time="0.005"/>
  <system-out><![CDATA[]]></system-out>
  <system-err><![CDATA[WARNING: A Java agent has been loaded dynamically (C:\Users\XPS\.gradle\caches\modules-2\files-2.1\net.bytebuddy\byte-buddy-agent\1.14.9\dfb8707031008535048bad2b69735f46d0b6c5e5\byte-buddy-agent-1.14.9.jar)
WARNING: If a serviceability tool is in use, please run with -XX:+EnableDynamicAgentLoading to hide this warning
WARNING: If a serviceability tool is not in use, please run with -Djdk.instrument.traceUsage for more information
WARNING: Dynamic loading of agents will be disallowed by default in a future release
]]></system-err>
</testsuite>
